<?xml version="1.0" encoding="UTF-8"?>
<testng-results ignored="0" total="2" passed="2" failed="0" skipped="0">
  <reporter-output>
    <line>
      <![CDATA[No of rows are::8]]>
    </line>
    <line>
      <![CDATA[Valid Username and password::dashboard http://webapp.qedgetech.com/dashboard.php]]>
    </line>
    <line>
      <![CDATA[Incorrect user ID or password dashboard http://webapp.qedgetech.com/login.php]]>
    </line>
    <line>
      <![CDATA[Incorrect user ID or password dashboard http://webapp.qedgetech.com/login.php]]>
    </line>
    <line>
      <![CDATA[Incorrect user ID or password dashboard http://webapp.qedgetech.com/login.php]]>
    </line>
    <line>
      <![CDATA[Incorrect user ID or password dashboard http://webapp.qedgetech.com/login.php]]>
    </line>
    <line>
      <![CDATA[Incorrect user ID or password dashboard http://webapp.qedgetech.com/login.php]]>
    </line>
    <line>
      <![CDATA[Incorrect user ID or password dashboard http://webapp.qedgetech.com/login.php]]>
    </line>
    <line>
      <![CDATA[Valid Username and password::dashboard http://webapp.qedgetech.com/dashboard.php]]>
    </line>
    <line>
      <![CDATA[No of rows are 7]]>
    </line>
    <line>
      <![CDATA[Customer Add is success Customer-00000010990 Customer-00000010990]]>
    </line>
    <line>
      <![CDATA[Customer Add is fail Customer-00000010991 Customer-00000007928]]>
    </line>
    <line>
      <![CDATA[Customer Add is success Customer-00000010992 Customer-00000010992]]>
    </line>
    <line>
      <![CDATA[Customer Add is success Customer-00000010993 Customer-00000010993]]>
    </line>
    <line>
      <![CDATA[Customer Add is success Customer-00000010994 Customer-00000010994]]>
    </line>
    <line>
      <![CDATA[Customer Add is success Customer-00000010995 Customer-00000010995]]>
    </line>
    <line>
      <![CDATA[Customer Add is success Customer-00000010996 Customer-00000010996]]>
    </line>
  </reporter-output>
  <suite started-at="2024-09-26T10:49:40 IST" name="DataDriven" finished-at="2024-09-26T10:54:12 IST" duration-ms="271969">
    <groups>
    </groups>
    <test started-at="2024-09-26T10:49:40 IST" name="LoginTest" finished-at="2024-09-26T10:51:18 IST" duration-ms="97774">
      <class name="driverFactory.DriverScript">
        <test-method is-config="true" signature="setUp()[pri:0, instance:driverFactory.DriverScript@23c30a20]" started-at="2024-09-26T10:49:40 IST" name="setUp" finished-at="2024-09-26T10:49:48 IST" duration-ms="7764" status="PASS">
          <reporter-output>
          </reporter-output>
        </test-method> <!-- setUp -->
        <test-method signature="startTest()[pri:0, instance:driverFactory.DriverScript@23c30a20]" started-at="2024-09-26T10:49:48 IST" name="startTest" finished-at="2024-09-26T10:51:16 IST" duration-ms="88197" status="PASS">
          <reporter-output>
            <line>
              <![CDATA[No of rows are::8]]>
            </line>
            <line>
              <![CDATA[Valid Username and password::dashboard http://webapp.qedgetech.com/dashboard.php]]>
            </line>
            <line>
              <![CDATA[Incorrect user ID or password dashboard http://webapp.qedgetech.com/login.php]]>
            </line>
            <line>
              <![CDATA[Incorrect user ID or password dashboard http://webapp.qedgetech.com/login.php]]>
            </line>
            <line>
              <![CDATA[Incorrect user ID or password dashboard http://webapp.qedgetech.com/login.php]]>
            </line>
            <line>
              <![CDATA[Incorrect user ID or password dashboard http://webapp.qedgetech.com/login.php]]>
            </line>
            <line>
              <![CDATA[Incorrect user ID or password dashboard http://webapp.qedgetech.com/login.php]]>
            </line>
            <line>
              <![CDATA[Incorrect user ID or password dashboard http://webapp.qedgetech.com/login.php]]>
            </line>
            <line>
              <![CDATA[Valid Username and password::dashboard http://webapp.qedgetech.com/dashboard.php]]>
            </line>
          </reporter-output>
        </test-method> <!-- startTest -->
        <test-method is-config="true" signature="tearDown()[pri:0, instance:driverFactory.DriverScript@23c30a20]" started-at="2024-09-26T10:51:16 IST" name="tearDown" finished-at="2024-09-26T10:51:18 IST" duration-ms="1761" status="PASS">
          <reporter-output>
          </reporter-output>
        </test-method> <!-- tearDown -->
      </class> <!-- driverFactory.DriverScript -->
    </test> <!-- LoginTest -->
    <test started-at="2024-09-26T10:51:18 IST" name="CustomerTest" finished-at="2024-09-26T10:54:12 IST" duration-ms="174152">
      <class name="driverFactory.TestScript">
        <test-method is-config="true" signature="setUp()[pri:0, instance:driverFactory.TestScript@5677323c]" started-at="2024-09-26T10:51:18 IST" name="setUp" finished-at="2024-09-26T10:51:23 IST" duration-ms="5117" status="PASS">
          <reporter-output>
          </reporter-output>
        </test-method> <!-- setUp -->
        <test-method signature="startTest()[pri:0, instance:driverFactory.TestScript@5677323c]" started-at="2024-09-26T10:51:23 IST" name="startTest" finished-at="2024-09-26T10:54:12 IST" duration-ms="168113" status="PASS">
          <reporter-output>
            <line>
              <![CDATA[No of rows are 7]]>
            </line>
            <line>
              <![CDATA[Customer Add is success Customer-00000010990 Customer-00000010990]]>
            </line>
            <line>
              <![CDATA[Customer Add is fail Customer-00000010991 Customer-00000007928]]>
            </line>
            <line>
              <![CDATA[Customer Add is success Customer-00000010992 Customer-00000010992]]>
            </line>
            <line>
              <![CDATA[Customer Add is success Customer-00000010993 Customer-00000010993]]>
            </line>
            <line>
              <![CDATA[Customer Add is success Customer-00000010994 Customer-00000010994]]>
            </line>
            <line>
              <![CDATA[Customer Add is success Customer-00000010995 Customer-00000010995]]>
            </line>
            <line>
              <![CDATA[Customer Add is success Customer-00000010996 Customer-00000010996]]>
            </line>
          </reporter-output>
        </test-method> <!-- startTest -->
        <test-method is-config="true" signature="tearDown()[pri:0, instance:driverFactory.TestScript@5677323c]" started-at="2024-09-26T10:54:12 IST" name="tearDown" finished-at="2024-09-26T10:54:12 IST" duration-ms="921" status="PASS">
          <reporter-output>
          </reporter-output>
        </test-method> <!-- tearDown -->
      </class> <!-- driverFactory.TestScript -->
    </test> <!-- CustomerTest -->
  </suite> <!-- DataDriven -->
</testng-results>
